Using pre-set license
Built from '2022.1/staging' branch; Version is '2022.1.7f1 (240f4c1f462c) revision 2363212'; Using compiler version '192829333'; Build Type 'Release'
OS: 'Windows 10  (10.0.19045) 64bit Professional' Language: 'en' Physical Memory: 32474 MB
BatchMode: 1, IsHumanControllingUs: 0, StartBugReporterOnCrash: 0, Is64bit: 1, IsPro: 1

COMMAND LINE ARGUMENTS:
C:\Program Files\Unity\Hub\Editor\2022.1.7f1\Editor\Unity.exe
-adb2
-batchMode
-noUpm
-name
AssetImportWorker717
-projectPath
Z:/CRE312/Unity/Siopi_3D
-logFile
Logs/AssetImportWorker717.log
-srvPort
49358
Successfully changed project path to: Z:/CRE312/Unity/Siopi_3D
Z:/CRE312/Unity/Siopi_3D
[UnityMemory] Configuration Parameters - Can be set up in boot.config
    "memorysetup-bucket-allocator-granularity=16"
    "memorysetup-bucket-allocator-bucket-count=8"
    "memorysetup-bucket-allocator-block-size=33554432"
    "memorysetup-bucket-allocator-block-count=8"
    "memorysetup-main-allocator-block-size=16777216"
    "memorysetup-thread-allocator-block-size=16777216"
    "memorysetup-gfx-main-allocator-block-size=16777216"
    "memorysetup-gfx-thread-allocator-block-size=16777216"
    "memorysetup-cache-allocator-block-size=4194304"
    "memorysetup-typetree-allocator-block-size=2097152"
    "memorysetup-profiler-bucket-allocator-granularity=16"
    "memorysetup-profiler-bucket-allocator-bucket-count=8"
    "memorysetup-profiler-bucket-allocator-block-size=33554432"
    "memorysetup-profiler-bucket-allocator-block-count=8"
    "memorysetup-profiler-allocator-block-size=16777216"
    "memorysetup-profiler-editor-allocator-block-size=1048576"
    "memorysetup-temp-allocator-size-main=16777216"
    "memorysetup-job-temp-allocator-block-size=2097152"
    "memorysetup-job-temp-allocator-block-size-background=1048576"
    "memorysetup-job-temp-allocator-reduction-small-platforms=262144"
    "memorysetup-temp-allocator-size-background-worker=32768"
    "memorysetup-temp-allocator-size-job-worker=262144"
    "memorysetup-temp-allocator-size-preload-manager=33554432"
    "memorysetup-temp-allocator-size-nav-mesh-worker=65536"
    "memorysetup-temp-allocator-size-audio-worker=65536"
    "memorysetup-temp-allocator-size-cloud-worker=32768"
    "memorysetup-temp-allocator-size-gi-baking-worker=262144"
    "memorysetup-temp-allocator-size-gfx=262144"
mdb reader table full -> cleaning up stale readers. Current readers:
    pid     thread     txnid
     12240 454 -
     12240 5b64 -
     32248 761c -
     33304 7a6c -
     35128 8930 -
     12240 3774 -
     35412 8430 -
     12240 4868 -
      3008 7830 -
     34652 89c4 -
     28872 88dc -
     12240 46c -
     35220 6a98 -
     30880 8890 -
     14912 8ac8 -
     26856 8b74 -
     27800 74ac -
     15324 7cd4 -
     19072 8670 -
     16380 8864 -
     33708 7fd8 -
     29560 8584 -
     33668 2288 -
     34836 6c24 -
     33272 88b4 -
     33092 1fb4 -
     35084 3afc -
     35692 891c -
     24840 29e0 -
     33584 792c -
     35232 8808 -
     29812 6624 -
     36176 8d54 -
     36624 8f14 -
     36668 8f40 -
     35568 88a4 -
     23404 7ac4 -
     32232 6b0c -
     31436 8d60 -
     36620 7fa4 -
     27392 8b2c -
     36388 81f4 -
     35976 7e28 -
     30808 8cbc -
     21864 8620 -
     10388 75e8 -
     34296 8f70 -
     34544 65d8 -
     34856 8cf0 -
     25796 8ee0 -
     30752 8c78 -
     27660 6ca4 -
     34872 795c -
     31856 3cd4 -
     12932 8dd4 -
     23604 558 -
     27192 6358 -
     32720 850c -
     36220 6450 -
     30140 7ac0 -
     35952 8f24 -
     29788 7880 -
     36708 61ac -
     33568 6ad4 -
     34948 5bac -
     36448 8ee4 -
     35828 848c -
     32268 609c -
     29384 8ea4 -
     33788 8f48 -
     36044 8f74 -
     36816 68b4 -
     27932 8cf4 -
     34496 ed4 -
     36436 5de4 -
     33964 8e50 -
     24824 8284 -
     12812 58c8 -
     34488 7eb8 -
     31264 783c -
     31228 7584 -
     36284 893c -
     36588 8054 -
     29908 7f04 -
     35168 8d80 -
     25808 7a80 -
     29276 7d4 -
     36120 8f58 -
     14576 839c -
     24872 88f4 -
     33816 86d4 -
     31192 8bf8 -
     33184 8c5c -
     36368 8ce8 -
     33732 8fb4 -
     36924 9040 -
     37384 920c -
     37336 91dc -
     36272 80d8 -
     34384 768c -
     34984 7f4c -
     37412 9324 -
     36984 8b98 -
     37872 9064 -
     37752 86fc -
     37852 2888 -
     25872 8510 -
     36124 8be4 -
     37292 9254 -
     34448 8470 -
     37200 8da4 -
     36440 8cb8 -
     36348 9154 -
     35380 9018 -
     37300 9164 -
     33380 77d4 -
     26828 8f80 -
     28908 8e88 -
     37112 4b08 -
     36760 9174 -
     31928 5fb8 -
     14152 8860 -
     24760 8a28 -
     27980 8804 -
     33356 80cc -
     36836 9248 -
Cleaned out 75 stale readers
Refreshing native plugins compatible for Editor in 146.70 ms, found 3 plugins.
Preloading 0 native plugins for Editor in 0.00 ms.
Initialize engine version: 2022.1.7f1 (240f4c1f462c)
[Subsystems] Discovering subsystems at path C:/Program Files/Unity/Hub/Editor/2022.1.7f1/Editor/Data/Resources/UnitySubsystems
[Subsystems] Discovering subsystems at path Z:/CRE312/Unity/Siopi_3D/Assets
GfxDevice: creating device client; threaded=0; jobified=0
Direct3D:
    Version:  Direct3D 11.0 [level 11.1]
    Renderer: NVIDIA Quadro RTX 4000 (ID=0x1eb1)
    Vendor:   NVIDIA
    VRAM:     7995 MB
    Driver:   31.0.15.5152
Initialize mono
Mono path[0] = 'C:/Program Files/Unity/Hub/Editor/2022.1.7f1/Editor/Data/Managed'
Mono path[1] = 'C:/Program Files/Unity/Hub/Editor/2022.1.7f1/Editor/Data/MonoBleedingEdge/lib/mono/unityjit-win32'
Mono config path = 'C:/Program Files/Unity/Hub/Editor/2022.1.7f1/Editor/Data/MonoBleedingEdge/etc'
Using monoOptions --debugger-agent=transport=dt_socket,embedding=1,server=y,suspend=n,address=127.0.0.1:56692
Begin MonoManager ReloadAssembly
Registering precompiled unity dll's ...
Register platform support module: C:/Program Files/Unity/Hub/Editor/2022.1.7f1/Editor/Data/PlaybackEngines/WebGLSupport/UnityEditor.WebGL.Extensions.dll
Register platform support module: C:/Program Files/Unity/Hub/Editor/2022.1.7f1/Editor/Data/PlaybackEngines/AndroidPlayer/UnityEditor.Android.Extensions.dll
Register platform support module: C:/Program Files/Unity/Hub/Editor/2022.1.7f1/Editor/Data/PlaybackEngines/iOSSupport/UnityEditor.iOS.Extensions.dll
Register platform support module: C:/Program Files/Unity/Hub/Editor/2022.1.7f1/Editor/Data/PlaybackEngines/WindowsStandaloneSupport/UnityEditor.WindowsStandalone.Extensions.dll
Register platform support module: C:/Program Files/Unity/Hub/Editor/2022.1.7f1/Editor/Data/PlaybackEngines/LinuxStandaloneSupport/UnityEditor.LinuxStandalone.Extensions.dll
Registered in 0.014090 seconds.
Native extension for LinuxStandalone target not found
Native extension for WindowsStandalone target not found
Native extension for iOS target not found
Native extension for Android target not found
Native extension for WebGL target not found
Refreshing native plugins compatible for Editor in 96.28 ms, found 3 plugins.
Preloading 0 native plugins for Editor in 0.00 ms.
Mono: successfully reloaded assembly
- Completed reload, in  0.685 seconds
Domain Reload Profiling:
	ReloadAssembly (686ms)
		BeginReloadAssembly (82ms)
			ExecutionOrderSort (0ms)
			DisableScriptedObjects (0ms)
			BackupInstance (0ms)
			ReleaseScriptingObjects (0ms)
			CreateAndSetChildDomain (1ms)
		EndReloadAssembly (498ms)
			LoadAssemblies (81ms)
			RebuildTransferFunctionScriptingTraits (0ms)
			SetupTypeCache (104ms)
				TypeCache.Initialize (103ms)
					TypeCache.ScanAssembly (102ms)
				ResolveRequiredComponents (0ms)
			ReleaseScriptCaches (0ms)
			RebuildScriptCaches (29ms)
			SetupLoadedEditorAssemblies (303ms)
				LogAssemblyErrors (0ms)
				InitializePlatformSupportModulesInManaged (61ms)
				SetLoadedEditorAssemblies (7ms)
				RefreshPlugins (96ms)
				BeforeProcessingInitializeOnLoad (1ms)
				ProcessInitializeOnLoadAttributes (92ms)
				ProcessInitializeOnLoadMethodAttributes (45ms)
				AfterProcessingInitializeOnLoad (0ms)
				EditorAssembliesLoaded (0ms)
			ExecutionOrderSort2 (0ms)
			AwakeInstancesAfterBackupRestoration (0ms)
Platform modules already initialized, skipping
Registering precompiled user dll's ...
Registered in 1.923136 seconds.
Android Extension - Scanning For ADB Devices 4595 ms
