Using pre-set license
Built from '2022.1/staging' branch; Version is '2022.1.7f1 (240f4c1f462c) revision 2363212'; Using compiler version '192829333'; Build Type 'Release'
OS: 'Windows 10  (10.0.19045) 64bit Professional' Language: 'en' Physical Memory: 32474 MB
BatchMode: 1, IsHumanControllingUs: 0, StartBugReporterOnCrash: 0, Is64bit: 1, IsPro: 1

COMMAND LINE ARGUMENTS:
C:\Program Files\Unity\Hub\Editor\2022.1.7f1\Editor\Unity.exe
-adb2
-batchMode
-noUpm
-name
AssetImportWorker480
-projectPath
Z:/CRE312/Unity/Siopi_3D
-logFile
Logs/AssetImportWorker480.log
-srvPort
49358
Successfully changed project path to: Z:/CRE312/Unity/Siopi_3D
Z:/CRE312/Unity/Siopi_3D
[UnityMemory] Configuration Parameters - Can be set up in boot.config
    "memorysetup-bucket-allocator-granularity=16"
    "memorysetup-bucket-allocator-bucket-count=8"
    "memorysetup-bucket-allocator-block-size=33554432"
    "memorysetup-bucket-allocator-block-count=8"
    "memorysetup-main-allocator-block-size=16777216"
    "memorysetup-thread-allocator-block-size=16777216"
    "memorysetup-gfx-main-allocator-block-size=16777216"
    "memorysetup-gfx-thread-allocator-block-size=16777216"
    "memorysetup-cache-allocator-block-size=4194304"
    "memorysetup-typetree-allocator-block-size=2097152"
    "memorysetup-profiler-bucket-allocator-granularity=16"
    "memorysetup-profiler-bucket-allocator-bucket-count=8"
    "memorysetup-profiler-bucket-allocator-block-size=33554432"
    "memorysetup-profiler-bucket-allocator-block-count=8"
    "memorysetup-profiler-allocator-block-size=16777216"
    "memorysetup-profiler-editor-allocator-block-size=1048576"
    "memorysetup-temp-allocator-size-main=16777216"
    "memorysetup-job-temp-allocator-block-size=2097152"
    "memorysetup-job-temp-allocator-block-size-background=1048576"
    "memorysetup-job-temp-allocator-reduction-small-platforms=262144"
    "memorysetup-temp-allocator-size-background-worker=32768"
    "memorysetup-temp-allocator-size-job-worker=262144"
    "memorysetup-temp-allocator-size-preload-manager=33554432"
    "memorysetup-temp-allocator-size-nav-mesh-worker=65536"
    "memorysetup-temp-allocator-size-audio-worker=65536"
    "memorysetup-temp-allocator-size-cloud-worker=32768"
    "memorysetup-temp-allocator-size-gi-baking-worker=262144"
    "memorysetup-temp-allocator-size-gfx=262144"
mdb reader table full -> cleaning up stale readers. Current readers:
    pid     thread     txnid
     12240 454 -
     12240 5b64 -
     29580 7f94 -
     32196 7cec -
     20928 2890 -
     12240 3774 -
     27416 7d1c -
     12240 4868 -
     27732 79a0 -
     32120 71a4 -
     22256 7e44 -
     12240 46c -
     19204 4328 -
     29056 cf4 -
     19952 6644 -
     31352 7cb0 -
     32740 780 -
     31756 7968 -
      1464 6830 -
     30812 2968 -
      3284 6898 -
     30712 3e7c -
     31320 7b84 -
     29400 7ef0 -
     32580 4ec -
      9652 38a4 -
     32052 7df0 -
     21524 7270 -
     14512 7d38 -
     22220 6acc -
     28000 7dcc -
      9696 48ec -
     11636 6858 -
     30604 30b4 -
       956 7fc0 -
     31804 718c -
     32620 69fc -
     26964 4b0c -
     29648 7b6c -
     29932 7b64 -
     33640 838c -
     33724 83b8 -
     27832 7530 -
     26716 7a34 -
     30776 7d8c -
     10556 36c0 -
     30828 2274 -
     29416 3648 -
     32816 803c -
     33520 808c -
     11072 80c0 -
     24104 7ddc -
     32572 6b88 -
     28864 4d74 -
     18044 4794 -
     31040 213c -
     33728 83a8 -
     30172 831c -
     29928 6a68 -
     33776 8394 -
     33576 817c -
     33364 7fc8 -
     27920 6cec -
     33396 7b54 -
     14812 846c -
     34004 84cc -
     34692 8524 -
     32432 3190 -
     32568 23a4 -
     31420 7fe8 -
     31116 8428 -
     31760 8220 -
     31268 6d68 -
     17036 6c8c -
      9884 8414 -
     15556 3a50 -
     34168 71fc -
     34088 8538 -
     34224 8660 -
     34520 85f4 -
     32932 79ac -
     34604 4ff8 -
     30748 8734 -
      5644 836c -
     34100 a00 -
     33492 7ad4 -
     34164 2ee8 -
     15332 8738 -
     30100 8668 -
     30764 8080 -
     28492 86ac -
       352 81e4 -
     31868 8454 -
     21736 6ad8 -
     16512 82a8 -
     34744 5688 -
     34608 70b8 -
     31796 8654 -
     21020 7804 -
      6148 7798 -
     10488 f18 -
     32860 7ec4 -
     22860 8228 -
     30844 ff8 -
     16980 86b0 -
     19912 7a8c -
     33800 49f8 -
     32792 858c -
     11568 5158 -
     30976 7e40 -
     32616 81b4 -
     34228 7960 -
     18440 69a8 -
     30740 1a4c -
     34248 80ac -
     30540 8790 -
     32800 2f90 -
     28616 7ed0 -
     28444 7d7c -
     31860 5174 -
     22412 2474 -
     27076 658 -
     31108 3294 -
     15748 78f8 -
     28796 6b90 -
     34528 7504 -
Cleaned out 0 stale readers
Refreshing native plugins compatible for Editor in 113.10 ms, found 3 plugins.
Preloading 0 native plugins for Editor in 0.00 ms.
Initialize engine version: 2022.1.7f1 (240f4c1f462c)
[Subsystems] Discovering subsystems at path C:/Program Files/Unity/Hub/Editor/2022.1.7f1/Editor/Data/Resources/UnitySubsystems
[Subsystems] Discovering subsystems at path Z:/CRE312/Unity/Siopi_3D/Assets
GfxDevice: creating device client; threaded=0; jobified=0
Direct3D:
    Version:  Direct3D 11.0 [level 11.1]
    Renderer: NVIDIA Quadro RTX 4000 (ID=0x1eb1)
    Vendor:   NVIDIA
    VRAM:     7995 MB
    Driver:   31.0.15.5152
Initialize mono
Mono path[0] = 'C:/Program Files/Unity/Hub/Editor/2022.1.7f1/Editor/Data/Managed'
Mono path[1] = 'C:/Program Files/Unity/Hub/Editor/2022.1.7f1/Editor/Data/MonoBleedingEdge/lib/mono/unityjit-win32'
Mono config path = 'C:/Program Files/Unity/Hub/Editor/2022.1.7f1/Editor/Data/MonoBleedingEdge/etc'
Using monoOptions --debugger-agent=transport=dt_socket,embedding=1,server=y,suspend=n,address=127.0.0.1:56384
Begin MonoManager ReloadAssembly
Registering precompiled unity dll's ...
Register platform support module: C:/Program Files/Unity/Hub/Editor/2022.1.7f1/Editor/Data/PlaybackEngines/WebGLSupport/UnityEditor.WebGL.Extensions.dll
Register platform support module: C:/Program Files/Unity/Hub/Editor/2022.1.7f1/Editor/Data/PlaybackEngines/AndroidPlayer/UnityEditor.Android.Extensions.dll
Register platform support module: C:/Program Files/Unity/Hub/Editor/2022.1.7f1/Editor/Data/PlaybackEngines/iOSSupport/UnityEditor.iOS.Extensions.dll
Register platform support module: C:/Program Files/Unity/Hub/Editor/2022.1.7f1/Editor/Data/PlaybackEngines/WindowsStandaloneSupport/UnityEditor.WindowsStandalone.Extensions.dll
Register platform support module: C:/Program Files/Unity/Hub/Editor/2022.1.7f1/Editor/Data/PlaybackEngines/LinuxStandaloneSupport/UnityEditor.LinuxStandalone.Extensions.dll
Registered in 0.009331 seconds.
Native extension for LinuxStandalone target not found
Native extension for WindowsStandalone target not found
Native extension for iOS target not found
Native extension for Android target not found
Native extension for WebGL target not found
Refreshing native plugins compatible for Editor in 96.77 ms, found 3 plugins.
Preloading 0 native plugins for Editor in 0.00 ms.
Mono: successfully reloaded assembly
- Completed reload, in  0.678 seconds
Domain Reload Profiling:
	ReloadAssembly (679ms)
		BeginReloadAssembly (69ms)
			ExecutionOrderSort (0ms)
			DisableScriptedObjects (0ms)
			BackupInstance (0ms)
			ReleaseScriptingObjects (0ms)
			CreateAndSetChildDomain (1ms)
		EndReloadAssembly (507ms)
			LoadAssemblies (68ms)
			RebuildTransferFunctionScriptingTraits (0ms)
			SetupTypeCache (117ms)
				TypeCache.Initialize (116ms)
					TypeCache.ScanAssembly (114ms)
				ResolveRequiredComponents (1ms)
			ReleaseScriptCaches (0ms)
			RebuildScriptCaches (30ms)
			SetupLoadedEditorAssemblies (306ms)
				LogAssemblyErrors (0ms)
				InitializePlatformSupportModulesInManaged (65ms)
				SetLoadedEditorAssemblies (7ms)
				RefreshPlugins (97ms)
				BeforeProcessingInitializeOnLoad (1ms)
				ProcessInitializeOnLoadAttributes (97ms)
				ProcessInitializeOnLoadMethodAttributes (38ms)
				AfterProcessingInitializeOnLoad (0ms)
				EditorAssembliesLoaded (0ms)
			ExecutionOrderSort2 (0ms)
			AwakeInstancesAfterBackupRestoration (0ms)
Platform modules already initialized, skipping
Registering precompiled user dll's ...
Registered in 1.263222 seconds.
Android Extension - Scanning For ADB Devices 4531 ms
